<?xml version="1.0" encoding="UTF-8"?>
<!-- Generated by org.testng.reporters.JUnitXMLReporter -->
<testsuite hostname="DESKTOP-BEOEF1L" ignored="0" name="free CRM App Test Cases" tests="3" failures="0" timestamp="16 Oct 2021 14:22:24 GMT" time="55.523" errors="0">
  <testcase name="loginPageTitleTest" time="0.031" classname="com.crm.qa.testcases.LoginPageTest"/>
  <testcase name="crmLogoImagetest" time="0.148" classname="com.crm.qa.testcases.LoginPageTest"/>
  <testcase name="loginTest" time="11.378" classname="com.crm.qa.testcases.LoginPageTest"/>
</testsuite> <!-- free CRM App Test Cases -->
