<?xml version="1.0" encoding="UTF-8"?>
<!-- Generated by org.testng.reporters.JUnitXMLReporter -->
<testsuite hostname="DESKTOP-BEOEF1L" ignored="0" name="Default test" tests="3" failures="0" timestamp="16 Oct 2021 14:19:03 GMT" time="47.339" errors="0">
  <testcase name="loginPageTitleTest" time="0.043" classname="com.crm.qa.testcases.LoginPageTest"/>
  <testcase name="crmLogoImagetest" time="0.183" classname="com.crm.qa.testcases.LoginPageTest"/>
  <testcase name="loginTest" time="14.244" classname="com.crm.qa.testcases.LoginPageTest"/>
</testsuite> <!-- Default test -->
