<?xml version="1.0" encoding="UTF-8"?>
<testng-results skipped="0" failed="0" ignored="0" total="3" passed="3">
  <reporter-output>
  </reporter-output>
  <suite name="FREE CRM Application test Automation Test Suite" duration-ms="55523" started-at="2021-10-16T14:21:28Z" finished-at="2021-10-16T14:22:24Z">
    <groups>
    </groups>
    <test name="free CRM App Test Cases" duration-ms="55523" started-at="2021-10-16T14:21:28Z" finished-at="2021-10-16T14:22:24Z">
      <class name="com.crm.qa.testcases.LoginPageTest">
        <test-method status="PASS" signature="setUp()[pri:0, instance:com.crm.qa.testcases.LoginPageTest@1e88b3c]" name="setUp" is-config="true" duration-ms="14226" started-at="2021-10-16T19:51:28Z" finished-at="2021-10-16T19:51:43Z">
          <reporter-output>
          </reporter-output>
        </test-method> <!-- setUp -->
        <test-method status="PASS" signature="loginPageTitleTest()[pri:1, instance:com.crm.qa.testcases.LoginPageTest@1e88b3c]" name="loginPageTitleTest" duration-ms="31" started-at="2021-10-16T19:51:43Z" finished-at="2021-10-16T19:51:43Z">
          <reporter-output>
          </reporter-output>
        </test-method> <!-- loginPageTitleTest -->
        <test-method status="PASS" signature="tearDown()[pri:0, instance:com.crm.qa.testcases.LoginPageTest@1e88b3c]" name="tearDown" is-config="true" duration-ms="815" started-at="2021-10-16T19:51:43Z" finished-at="2021-10-16T19:51:43Z">
          <reporter-output>
          </reporter-output>
        </test-method> <!-- tearDown -->
        <test-method status="PASS" signature="setUp()[pri:0, instance:com.crm.qa.testcases.LoginPageTest@1e88b3c]" name="setUp" is-config="true" duration-ms="15561" started-at="2021-10-16T19:51:43Z" finished-at="2021-10-16T19:51:59Z">
          <reporter-output>
          </reporter-output>
        </test-method> <!-- setUp -->
        <test-method status="PASS" signature="crmLogoImagetest()[pri:2, instance:com.crm.qa.testcases.LoginPageTest@1e88b3c]" name="crmLogoImagetest" duration-ms="148" started-at="2021-10-16T19:51:59Z" finished-at="2021-10-16T19:51:59Z">
          <reporter-output>
          </reporter-output>
        </test-method> <!-- crmLogoImagetest -->
        <test-method status="PASS" signature="tearDown()[pri:0, instance:com.crm.qa.testcases.LoginPageTest@1e88b3c]" name="tearDown" is-config="true" duration-ms="767" started-at="2021-10-16T19:51:59Z" finished-at="2021-10-16T19:52:00Z">
          <reporter-output>
          </reporter-output>
        </test-method> <!-- tearDown -->
        <test-method status="PASS" signature="setUp()[pri:0, instance:com.crm.qa.testcases.LoginPageTest@1e88b3c]" name="setUp" is-config="true" duration-ms="11768" started-at="2021-10-16T19:52:00Z" finished-at="2021-10-16T19:52:12Z">
          <reporter-output>
          </reporter-output>
        </test-method> <!-- setUp -->
        <test-method status="PASS" signature="loginTest()[pri:3, instance:com.crm.qa.testcases.LoginPageTest@1e88b3c]" name="loginTest" duration-ms="11378" started-at="2021-10-16T19:52:12Z" finished-at="2021-10-16T19:52:23Z">
          <reporter-output>
          </reporter-output>
        </test-method> <!-- loginTest -->
        <test-method status="PASS" signature="tearDown()[pri:0, instance:com.crm.qa.testcases.LoginPageTest@1e88b3c]" name="tearDown" is-config="true" duration-ms="784" started-at="2021-10-16T19:52:23Z" finished-at="2021-10-16T19:52:24Z">
          <reporter-output>
          </reporter-output>
        </test-method> <!-- tearDown -->
      </class> <!-- com.crm.qa.testcases.LoginPageTest -->
    </test> <!-- free CRM App Test Cases -->
  </suite> <!-- FREE CRM Application test Automation Test Suite -->
</testng-results>
